<?xml version="1.0" encoding="UTF-8"?>
<testsuite xmlns:xsi="http://www.w3.org/2001/XMLSchema-instance" xsi:noNamespaceSchemaLocation="https://maven.apache.org/surefire/maven-surefire-plugin/xsd/surefire-test-report.xsd" version="3.0.2" name="com.solutijuris.IntegrationTest" time="3.124" tests="3" errors="0" skipped="0" failures="0">
  <properties>
[...]
</properties>
  <testcase name="deveRejeitarAcessoSemToken" classname="com.solutijuris.IntegrationTest" time="0.005">
    <system-out><![CDATA[2026-08-19T20:11:12.768-03:00  INFO 18116 --- [solutijuris] [           main] t.c.s.AnnotationConfigContextLoaderUtils : Could not detect default configuration classes for test class [com.solutijuris.IntegrationTest]: IntegrationTest does not declare any static, non-private, non-final, nested classes annotated with @Configuration.
2026-08-19T20:11:12.773-03:00  INFO 18116 --- [solutijuris] [           main] .b.t.c.SpringBootTestContextBootstrapper : Found @SpringBootConfiguration com.solutijuris.SolutiJurisApplication for test class com.solutijuris.IntegrationTest
2026-08-19T20:11:12.776-03:00  INFO 18116 --- [solutijuris] [           main] o.s.b.d.r.RestartApplicationListener     : Restart disabled due to context in which it is running

  .   ____          _            __ _ _
 /\\ / ___'_ __ _ _(_)_ __  __ _ \ \ \ \
( ( )\___ | '_ | '_| | '_ \/ _` | \ \ \ \
 \\/  ___)| |_)| | | | | || (_| |  ) ) ) )
  '  |____| .__|_| |_|_| |_\__, | / / / /
 =========|_|==============|___/=/_/_/_/

 :: Spring Boot ::                (v3.4.4)

2026-08-19T20:11:12.790-03:00  INFO 18116 --- [solutijuris] [           main] com.solutijuris.IntegrationTest          : Starting IntegrationTest using Java 21.0.12 with PID 18116 (started by ricardobeltrame in /Users/ricardobeltrame/Projects/solutijuris/backend)
2026-08-19T20:11:12.790-03:00  INFO 18116 --- [solutijuris] [           main] com.solutijuris.IntegrationTest          : The following 1 profile is active: "test"
2026-08-19T20:11:13.014-03:00  INFO 18116 --- [solutijuris] [           main] .s.d.r.c.RepositoryConfigurationDelegate : Multiple Spring Data modules found, entering strict repository configuration mode
2026-08-19T20:11:13.015-03:00  INFO 18116 --- [solutijuris] [           main] .s.d.r.c.RepositoryConfigurationDelegate : Bootstrapping Spring Data JPA repositories in DEFAULT mode.
2026-08-19T20:11:13.041-03:00  INFO 18116 --- [solutijuris] [           main] .s.d.r.c.RepositoryConfigurationDelegate : Finished Spring Data repository scanning in 20 ms. Found 4 JPA repository interfaces.
2026-08-19T20:11:13.053-03:00  INFO 18116 --- [solutijuris] [           main] .s.d.r.c.RepositoryConfigurationDelegate : Multiple Spring Data modules found, entering strict repository configuration mode
2026-08-19T20:11:13.054-03:00  INFO 18116 --- [solutijuris] [           main] .s.d.r.c.RepositoryConfigurationDelegate : Bootstrapping Spring Data Redis repositories in DEFAULT mode.
2026-08-19T20:11:13.063-03:00  INFO 18116 --- [solutijuris] [           main] .RepositoryConfigurationExtensionSupport : Spring Data Redis - Could not safely identify store assignment for repository candidate interface com.solutijuris.repository.LogAuditoriaRepository; If you want this repository to be a Redis repository, consider annotating your entities with one of these annotations: org.springframework.data.redis.core.RedisHash (preferred), or consider extending one of the following types with your repository: org.springframework.data.keyvalue.repository.KeyValueRepository
2026-08-19T20:11:13.064-03:00  INFO 18116 --- [solutijuris] [           main] .RepositoryConfigurationExtensionSupport : Spring Data Redis - Could not safely identify store assignment for repository candidate interface com.solutijuris.repository.PrazoRepository; If you want this repository to be a Redis repository, consider annotating your entities with one of these annotations: org.springframework.data.redis.core.RedisHash (preferred), or consider extending one of the following types with your repository: org.springframework.data.keyvalue.repository.KeyValueRepository
2026-08-19T20:11:13.064-03:00  INFO 18116 --- [solutijuris] [           main] .RepositoryConfigurationExtensionSupport : Spring Data Redis - Could not safely identify store assignment for repository candidate interface com.solutijuris.repository.ProcessoRepository; If you want this repository to be a Redis repository, consider annotating your entities with one of these annotations: org.springframework.data.redis.core.RedisHash (preferred), or consider extending one of the following types with your repository: org.springframework.data.keyvalue.repository.KeyValueRepository
2026-08-19T20:11:13.064-03:00  INFO 18116 --- [solutijuris] [           main] .RepositoryConfigurationExtensionSupport : Spring Data Redis - Could not safely identify store assignment for repository candidate interface com.solutijuris.repository.UsuarioRepository; If you want this repository to be a Redis repository, consider annotating your entities with one of these annotations: org.springframework.data.redis.core.RedisHash (preferred), or consider extending one of the following types with your repository: org.springframework.data.keyvalue.repository.KeyValueRepository
2026-08-19T20:11:13.064-03:00  INFO 18116 --- [solutijuris] [           main] .s.d.r.c.RepositoryConfigurationDelegate : Finished Spring Data repository scanning in 2 ms. Found 0 Redis repository interfaces.
2026-08-19T20:11:13.261-03:00  INFO 18116 --- [solutijuris] [           main] o.hibernate.jpa.internal.util.LogHelper  : HHH000204: Processing PersistenceUnitInfo [name: default]
2026-08-19T20:11:13.311-03:00  INFO 18116 --- [solutijuris] [           main] org.hibernate.Version                    : HHH000412: Hibernate ORM core version 6.6.11.Final
2026-08-19T20:11:13.334-03:00  INFO 18116 --- [solutijuris] [           main] o.h.c.internal.RegionFactoryInitiator    : HHH000026: Second-level cache disabled
2026-08-19T20:11:13.423-03:00  INFO 18116 --- [solutijuris] [           main] o.s.o.j.p.SpringPersistenceUnitInfo      : No LoadTimeWeaver setup: ignoring JPA class transformer
2026-08-19T20:11:13.455-03:00  INFO 18116 --- [solutijuris] [           main] com.zaxxer.hikari.HikariDataSource       : HikariPool-1 - Starting...
2026-08-19T20:11:13.645-03:00  INFO 18116 --- [solutijuris] [           main] com.zaxxer.hikari.pool.HikariPool        : HikariPool-1 - Added connection conn0: url=jdbc:h2:mem:solutijuris user=SA
2026-08-19T20:11:13.646-03:00  INFO 18116 --- [solutijuris] [           main] com.zaxxer.hikari.HikariDataSource       : HikariPool-1 - Start completed.
2026-08-19T20:11:13.694-03:00  INFO 18116 --- [solutijuris] [           main] org.hibernate.orm.connections.pooling    : HHH10001005: Database info:
	Database JDBC URL [Connecting through datasource 'HikariDataSource (HikariPool-1)']
	Database driver: undefined/unknown
	Database version: 2.3.232
	Autocommit mode: undefined/unknown
	Isolation level: undefined/unknown
	Minimum pool size: undefined/unknown
	Maximum pool size: undefined/unknown
2026-08-19T20:11:14.292-03:00  INFO 18116 --- [solutijuris] [           main] o.h.e.t.j.p.i.JtaPlatformInitiator       : HHH000489: No JTA platform available (set 'hibernate.transaction.jta.platform' to enable JTA platform integration)
Hibernate: 
    drop table if exists logs_auditoria cascade 
Hibernate: 
    drop table if exists prazos cascade 
Hibernate: 
    drop table if exists processos cascade 
Hibernate: 
    drop table if exists usuarios cascade 
Hibernate: 
    create table logs_auditoria (
        criado_em timestamp(6) not null,
        entidade_id uuid,
        id uuid not null,
        ip varchar(45),
        acao varchar(100) not null,
        entidade varchar(100) not null,
        dados_anteriores TEXT,
        dados_novos TEXT,
        usuario_email varchar(255) not null,
        primary key (id)
    )
Hibernate: 
    create table prazos (
        ativo boolean not null,
        data_cumprimento date,
        data_vencimento date not null,
        notificado_15_dias boolean,
        notificado_1_dia boolean,
        notificado_3_dias boolean,
        notificado_7_dias boolean,
        notificado_vencido boolean,
        atualizado_em timestamp(6),
        criado_em timestamp(6) not null,
        id uuid not null,
        processo_id uuid not null,
        responsavel_id uuid not null,
        descricao varchar(255) not null,
        status enum ('ABERTO','CANCELADO','CUMPRIDO','PRORROGADO','VENCIDO') not null,
        primary key (id)
    )
Hibernate: 
    create table processos (
        ativo boolean not null,
        data_arquivamento date,
        data_distribuicao date,
        segredo_justica boolean not null,
        valor_causa numeric(15,2),
        atualizado_em timestamp(6),
        criado_em timestamp(6) not null,
        id uuid not null,
        responsavel_id uuid not null,
        numero_unico varchar(25) not null unique,
        vara varchar(100) not null,
        assunto varchar(255),
        polo_ativo TEXT,
        polo_passivo TEXT,
        area_direito enum ('ADMINISTRATIVO','CIVEL','CONSTITUCIONAL','CONSUMIDOR','DIGITAL','EMPRESARIAL','FAMILIA','IMOBILIARIO','PENAL','PREVIDENCIARIO','SAUDE','TRABALHISTA','TRABALHISTA_EMPRESA','TRABALHISTA_SINDICAL','TRIBUTARIO') not null,
        status enum ('ARQUIVADO','ATIVO','BAIXADO','EM_RECURSO','EXTINTO','SUSPENSO') not null,
        tribunal enum ('STF','STJ','STM','TJM_MG','TJM_RS','TJM_SP','TJ_AC','TJ_AL','TJ_AM','TJ_AP','TJ_BA','TJ_CE','TJ_DF','TJ_ES','TJ_GO','TJ_MA','TJ_MG','TJ_MS','TJ_MT','TJ_PA','TJ_PB','TJ_PE','TJ_PI','TJ_PR','TJ_RJ','TJ_RN','TJ_RO','TJ_RR','TJ_RS','TJ_SC','TJ_SE','TJ_SP','TJ_TO','TRE_AC','TRE_AL','TRE_AM','TRE_AP','TRE_BA','TRE_CE','TRE_DF','TRE_ES','TRE_GO','TRE_MA','TRE_MG','TRE_MS','TRE_MT','TRE_PA','TRE_PB','TRE_PE','TRE_PI','TRE_PR','TRE_RJ','TRE_RN','TRE_RO','TRE_RR','TRE_RS','TRE_SC','TRE_SE','TRE_SP','TRE_TO','TRF_1','TRF_2','TRF_3','TRF_4','TRF_5','TRF_6','TRT_1','TRT_10','TRT_11','TRT_12','TRT_13','TRT_14','TRT_15','TRT_16','TRT_17','TRT_18','TRT_19','TRT_2','TRT_20','TRT_21','TRT_22','TRT_23','TRT_24','TRT_3','TRT_4','TRT_5','TRT_6','TRT_7','TRT_8','TRT_9','TSE','TST') not null,
        primary key (id)
    )
Hibernate: 
    create table usuarios (
        ativo boolean not null,
        tentativas_login integer not null,
        atualizado_em timestamp(6),
        bloqueado_ate timestamp(6),
        criado_em timestamp(6) not null,
        ultimo_login timestamp(6),
        id uuid not null,
        telefone varchar(20),
        nome_completo varchar(150) not null,
        email varchar(255) not null unique,
        senha_hash varchar(255) not null,
        perfil enum ('ADMIN','ADVOGADO','ADVOGADO_SENIOR','ESTAGIARIO','PARALEGAL') not null,
        primary key (id)
    )
Hibernate: 
    alter table if exists prazos 
       add constraint FK1npw2xx6rawnrut38dngqnmpx 
       foreign key (processo_id) 
       references processos
Hibernate: 
    alter table if exists prazos 
       add constraint FKel76pmvrathkw4i4xuxt1qjch 
       foreign key (responsavel_id) 
       references usuarios
Hibernate: 
    alter table if exists processos 
       add constraint FK8dndidjaacunusbtcgvbl6r9y 
       foreign key (responsavel_id) 
       references usuarios
2026-08-19T20:11:14.333-03:00  INFO 18116 --- [solutijuris] [           main] j.LocalContainerEntityManagerFactoryBean : Initialized JPA EntityManagerFactory for persistence unit 'default'
2026-08-19T20:11:14.576-03:00  INFO 18116 --- [solutijuris] [           main] o.s.d.j.r.query.QueryEnhancerFactory     : Hibernate is in classpath; If applicable, HQL parser will be used.
2026-08-19T20:11:15.003-03:00  WARN 18116 --- [solutijuris] [           main] JpaBaseConfiguration$JpaWebConfiguration : spring.jpa.open-in-view is enabled by default. Therefore, database queries may be performed during view rendering. Explicitly configure spring.jpa.open-in-view to disable this warning
2026-08-19T20:11:15.554-03:00  INFO 18116 --- [solutijuris] [           main] o.s.b.t.m.w.SpringBootMockServletContext : Initializing Spring TestDispatcherServlet ''
2026-08-19T20:11:15.555-03:00  INFO 18116 --- [solutijuris] [           main] o.s.t.web.servlet.TestDispatcherServlet  : Initializing Servlet ''
2026-08-19T20:11:15.555-03:00  INFO 18116 --- [solutijuris] [           main] o.s.t.web.servlet.TestDispatcherServlet  : Completed initialization in 0 ms
2026-08-19T20:11:15.562-03:00  INFO 18116 --- [solutijuris] [           main] com.solutijuris.IntegrationTest          : Started IntegrationTest in 2.786 seconds (process running for 8.35)
]]></system-out>
  </testcase>
  <testcase name="deveRejeitarLoginSenhaErrada" classname="com.solutijuris.IntegrationTest" time="0.101">
    <system-out><![CDATA[Hibernate: 
    select
        u1_0.id,
        u1_0.ativo,
        u1_0.atualizado_em,
        u1_0.bloqueado_ate,
        u1_0.criado_em,
        u1_0.email,
        u1_0.nome_completo,
        u1_0.perfil,
        u1_0.senha_hash,
        u1_0.telefone,
        u1_0.tentativas_login,
        u1_0.ultimo_login 
    from
        usuarios u1_0 
    where
        u1_0.email=?
]]></system-out>
  </testcase>
  <testcase name="fluxoCompletoAutenticacao" classname="com.solutijuris.IntegrationTest" time="0.219">
    <system-out><![CDATA[Hibernate: 
    select
        u1_0.id 
    from
        usuarios u1_0 
    where
        u1_0.email=? 
    fetch
        first ? rows only
Hibernate: 
    insert 
    into
        usuarios
        (ativo, atualizado_em, bloqueado_ate, criado_em, email, nome_completo, perfil, senha_hash, telefone, tentativas_login, ultimo_login, id) 
    values
        (?, ?, ?, ?, ?, ?, ?, ?, ?, ?, ?, ?)
Hibernate: 
    insert 
    into
        logs_auditoria
        (acao, criado_em, dados_anteriores, dados_novos, entidade, entidade_id, ip, usuario_email, id) 
    values
        (?, ?, ?, ?, ?, ?, ?, ?, ?)
Hibernate: 
    select
        u1_0.id,
        u1_0.ativo,
        u1_0.atualizado_em,
        u1_0.bloqueado_ate,
        u1_0.criado_em,
        u1_0.email,
        u1_0.nome_completo,
        u1_0.perfil,
        u1_0.senha_hash,
        u1_0.telefone,
        u1_0.tentativas_login,
        u1_0.ultimo_login 
    from
        usuarios u1_0 
    where
        u1_0.email=?
Hibernate: 
    insert 
    into
        logs_auditoria
        (acao, criado_em, dados_anteriores, dados_novos, entidade, entidade_id, ip, usuario_email, id) 
    values
        (?, ?, ?, ?, ?, ?, ?, ?, ?)
Hibernate: 
    update
        usuarios 
    set
        ativo=?,
        atualizado_em=?,
        bloqueado_ate=?,
        email=?,
        nome_completo=?,
        perfil=?,
        senha_hash=?,
        telefone=?,
        tentativas_login=?,
        ultimo_login=? 
    where
        id=?
Hibernate: 
    select
        p1_0.id,
        p1_0.area_direito,
        p1_0.assunto,
        p1_0.ativo,
        p1_0.atualizado_em,
        p1_0.criado_em,
        p1_0.data_arquivamento,
        p1_0.data_distribuicao,
        p1_0.numero_unico,
        p1_0.polo_ativo,
        p1_0.polo_passivo,
        p1_0.responsavel_id,
        p1_0.segredo_justica,
        p1_0.status,
        p1_0.tribunal,
        p1_0.valor_causa,
        p1_0.vara 
    from
        processos p1_0
]]></system-out>
  </testcase>
</testsuite>